Determining if the pthread_create exist failed with the following output:
Change Dir: /home/rubem/rubem/build/CMakeFiles/CMakeTmp

Run Build Command:"/usr/bin/make" "cmTC_f1a8d/fast"
/usr/bin/make -f CMakeFiles/cmTC_f1a8d.dir/build.make CMakeFiles/cmTC_f1a8d.dir/build
make[1]: Entering directory '/home/rubem/rubem/build/CMakeFiles/CMakeTmp'
Building C object CMakeFiles/cmTC_f1a8d.dir/CheckSymbolExists.c.o
/usr/bin/cc    -o CMakeFiles/cmTC_f1a8d.dir/CheckSymbolExists.c.o   -c /home/rubem/rubem/build/CMakeFiles/CMakeTmp/CheckSymbolExists.c
Linking C executable cmTC_f1a8d
/usr/bin/cmake -E cmake_link_script CMakeFiles/cmTC_f1a8d.dir/link.txt --verbose=1
/usr/bin/cc      -rdynamic CMakeFiles/cmTC_f1a8d.dir/CheckSymbolExists.c.o  -o cmTC_f1a8d 
CMakeFiles/cmTC_f1a8d.dir/CheckSymbolExists.c.o: In function `main':
CheckSymbolExists.c:(.text+0x1b): undefined reference to `pthread_create'
collect2: error: ld returned 1 exit status
CMakeFiles/cmTC_f1a8d.dir/build.make:97: recipe for target 'cmTC_f1a8d' failed
make[1]: *** [cmTC_f1a8d] Error 1
make[1]: Leaving directory '/home/rubem/rubem/build/CMakeFiles/CMakeTmp'
Makefile:126: recipe for target 'cmTC_f1a8d/fast' failed
make: *** [cmTC_f1a8d/fast] Error 2

File /home/rubem/rubem/build/CMakeFiles/CMakeTmp/CheckSymbolExists.c:
/* */
#include <pthread.h>

int main(int argc, char** argv)
{
  (void)argv;
#ifndef pthread_create
  return ((int*)(&pthread_create))[argc];
#else
  (void)argc;
  return 0;
#endif
}

Determining if the function pthread_create exists in the pthreads failed with the following output:
Change Dir: /home/rubem/rubem/build/CMakeFiles/CMakeTmp

Run Build Command:"/usr/bin/make" "cmTC_41df1/fast"
/usr/bin/make -f CMakeFiles/cmTC_41df1.dir/build.make CMakeFiles/cmTC_41df1.dir/build
make[1]: Entering directory '/home/rubem/rubem/build/CMakeFiles/CMakeTmp'
Building C object CMakeFiles/cmTC_41df1.dir/CheckFunctionExists.c.o
/usr/bin/cc   -DCHECK_FUNCTION_EXISTS=pthread_create   -o CMakeFiles/cmTC_41df1.dir/CheckFunctionExists.c.o   -c /usr/share/cmake-3.10/Modules/CheckFunctionExists.c
Linking C executable cmTC_41df1
/usr/bin/cmake -E cmake_link_script CMakeFiles/cmTC_41df1.dir/link.txt --verbose=1
/usr/bin/cc  -DCHECK_FUNCTION_EXISTS=pthread_create    -rdynamic CMakeFiles/cmTC_41df1.dir/CheckFunctionExists.c.o  -o cmTC_41df1 -lpthreads 
/usr/bin/ld: cannot find -lpthreads
collect2: error: ld returned 1 exit status
CMakeFiles/cmTC_41df1.dir/build.make:97: recipe for target 'cmTC_41df1' failed
make[1]: *** [cmTC_41df1] Error 1
make[1]: Leaving directory '/home/rubem/rubem/build/CMakeFiles/CMakeTmp'
Makefile:126: recipe for target 'cmTC_41df1/fast' failed
make: *** [cmTC_41df1/fast] Error 2


